# JRE version: Java(TM) SE Runtime Environment (8.0_05-b13) (build 1.8.0_05-b13)
# Java VM: Java HotSpot(TM) 64-Bit Server VM (25.5-b02 mixed mode windows-amd64 compressed oops)
Heap:
 PSYoungGen      total 134144K, used 118272K [0x00000000eab00000, 0x00000000f3d80000, 0x0000000100000000)
  eden space 118272K, 100% used [0x00000000eab00000,0x00000000f1e80000,0x00000000f1e80000)
  from space 15872K, 0% used [0x00000000f2e00000,0x00000000f2e00000,0x00000000f3d80000)
  to   space 15872K, 29% used [0x00000000f1e80000,0x00000000f231bbb0,0x00000000f2e00000)
 ParOldGen       total 89088K, used 63784K [0x00000000c0000000, 0x00000000c5700000, 0x00000000eab00000)
  object space 89088K, 71% used [0x00000000c0000000,0x00000000c3e4a320,0x00000000c5700000)
 Metaspace       used 66144K, capacity 74478K, committed 75904K, reserved 1114112K
  class space    used 9085K, capacity 11447K, committed 11904K, reserved 1048576K
GC Heap History (10 events):
Event: 7118.437 GC heap after
Heap after GC invocations=111 (full 25):
 PSYoungGen      total 134656K, used 1648K [0x00000000eab00000, 0x00000000f3f00000, 0x0000000100000000)
  eden space 117760K, 0% used [0x00000000eab00000,0x00000000eab00000,0x00000000f1e00000)
  from space 16896K, 9% used [0x00000000f2e80000,0x00000000f301c010,0x00000000f3f00000)
  to   space 16896K, 0% used [0x00000000f1e00000,0x00000000f1e00000,0x00000000f2e80000)
 ParOldGen       total 89088K, used 66913K [0x00000000c0000000, 0x00000000c5700000, 0x00000000eab00000)
  object space 89088K, 75% used [0x00000000c0000000,0x00000000c4158570,0x00000000c5700000)
 Metaspace       used 66039K, capacity 74234K, committed 75520K, reserved 1114112K
  class space    used 9076K, capacity 11372K, committed 11776K, reserved 1048576K
}
Event: 7118.437 GC heap before
{Heap before GC invocations=112 (full 26):
 PSYoungGen      total 134656K, used 1648K [0x00000000eab00000, 0x00000000f3f00000, 0x0000000100000000)
  eden space 117760K, 0% used [0x00000000eab00000,0x00000000eab00000,0x00000000f1e00000)
  from space 16896K, 9% used [0x00000000f2e80000,0x00000000f301c010,0x00000000f3f00000)
  to   space 16896K, 0% used [0x00000000f1e00000,0x00000000f1e00000,0x00000000f2e80000)
 ParOldGen       total 89088K, used 66913K [0x00000000c0000000, 0x00000000c5700000, 0x00000000eab00000)
  object space 89088K, 75% used [0x00000000c0000000,0x00000000c4158570,0x00000000c5700000)
 Metaspace       used 66039K, capacity 74234K, committed 75520K, reserved 1114112K
  class space    used 9076K, capacity 11372K, committed 11776K, reserved 1048576K
Event: 7118.815 GC heap after
Heap after GC invocations=112 (full 26):
 PSYoungGen      total 134656K, used 0K [0x00000000eab00000, 0x00000000f3f00000, 0x0000000100000000)
  eden space 117760K, 0% used [0x00000000eab00000,0x00000000eab00000,0x00000000f1e00000)
  from space 16896K, 0% used [0x00000000f2e80000,0x00000000f2e80000,0x00000000f3f00000)
  to   space 16896K, 0% used [0x00000000f1e00000,0x00000000f1e00000,0x00000000f2e80000)
 ParOldGen       total 89088K, used 65234K [0x00000000c0000000, 0x00000000c5700000, 0x00000000eab00000)
  object space 89088K, 73% used [0x00000000c0000000,0x00000000c3fb4938,0x00000000c5700000)
 Metaspace       used 66039K, capacity 74234K, committed 75520K, reserved 1114112K
  class space    used 9076K, capacity 11372K, committed 11776K, reserved 1048576K
}
Event: 7722.667 GC heap before
{Heap before GC invocations=113 (full 26):
 PSYoungGen      total 134656K, used 117760K [0x00000000eab00000, 0x00000000f3f00000, 0x0000000100000000)
  eden space 117760K, 100% used [0x00000000eab00000,0x00000000f1e00000,0x00000000f1e00000)
  from space 16896K, 0% used [0x00000000f2e80000,0x00000000f2e80000,0x00000000f3f00000)
  to   space 16896K, 0% used [0x00000000f1e00000,0x00000000f1e00000,0x00000000f2e80000)
 ParOldGen       total 89088K, used 65234K [0x00000000c0000000, 0x00000000c5700000, 0x00000000eab00000)
  object space 89088K, 73% used [0x00000000c0000000,0x00000000c3fb4938,0x00000000c5700000)
 Metaspace       used 66174K, capacity 74526K, committed 75776K, reserved 1114112K
  class space    used 9092K, capacity 11440K, committed 11776K, reserved 1048576K
Event: 7722.674 GC heap after
Heap after GC invocations=113 (full 26):
 PSYoungGen      total 120832K, used 2592K [0x00000000eab00000, 0x00000000f3d80000, 0x0000000100000000)
  eden space 117760K, 0% used [0x00000000eab00000,0x00000000eab00000,0x00000000f1e00000)
  from space 3072K, 84% used [0x00000000f1e00000,0x00000000f2088040,0x00000000f2100000)
  to   space 15872K, 0% used [0x00000000f2e00000,0x00000000f2e00000,0x00000000f3d80000)
 ParOldGen       total 89088K, used 65242K [0x00000000c0000000, 0x00000000c5700000, 0x00000000eab00000)
  object space 89088K, 73% used [0x00000000c0000000,0x00000000c3fb6938,0x00000000c5700000)
 Metaspace       used 66174K, capacity 74526K, committed 75776K, reserved 1114112K
  class space    used 9092K, capacity 11440K, committed 11776K, reserved 1048576K
}
Event: 7723.993 GC heap before
{Heap before GC invocations=114 (full 26):
 PSYoungGen      total 120832K, used 68630K [0x00000000eab00000, 0x00000000f3d80000, 0x0000000100000000)
  eden space 117760K, 56% used [0x00000000eab00000,0x00000000eeb7db88,0x00000000f1e00000)
  from space 3072K, 84% used [0x00000000f1e00000,0x00000000f2088040,0x00000000f2100000)
  to   space 15872K, 0% used [0x00000000f2e00000,0x00000000f2e00000,0x00000000f3d80000)
 ParOldGen       total 89088K, used 65242K [0x00000000c0000000, 0x00000000c5700000, 0x00000000eab00000)
  object space 89088K, 73% used [0x00000000c0000000,0x00000000c3fb6938,0x00000000c5700000)
 Metaspace       used 66188K, capacity 74526K, committed 75776K, reserved 1114112K
  class space    used 9092K, capacity 11440K, committed 11776K, reserved 1048576K
Event: 7723.996 GC heap after
Heap after GC invocations=114 (full 26):
 PSYoungGen      total 134144K, used 800K [0x00000000eab00000, 0x00000000f3d80000, 0x0000000100000000)
  eden space 118272K, 0% used [0x00000000eab00000,0x00000000eab00000,0x00000000f1e80000)
  from space 15872K, 5% used [0x00000000f2e00000,0x00000000f2ec8000,0x00000000f3d80000)
  to   space 15872K, 0% used [0x00000000f1e80000,0x00000000f1e80000,0x00000000f2e00000)
 ParOldGen       total 89088K, used 65250K [0x00000000c0000000, 0x00000000c5700000, 0x00000000eab00000)
  object space 89088K, 73% used [0x00000000c0000000,0x00000000c3fb8938,0x00000000c5700000)
 Metaspace       used 66188K, capacity 74526K, committed 75776K, reserved 1114112K
  class space    used 9092K, capacity 11440K, committed 11776K, reserved 1048576K
}
Event: 7723.996 GC heap before
{Heap before GC invocations=115 (full 27):
 PSYoungGen      total 134144K, used 800K [0x00000000eab00000, 0x00000000f3d80000, 0x0000000100000000)
  eden space 118272K, 0% used [0x00000000eab00000,0x00000000eab00000,0x00000000f1e80000)
  from space 15872K, 5% used [0x00000000f2e00000,0x00000000f2ec8000,0x00000000f3d80000)
  to   space 15872K, 0% used [0x00000000f1e80000,0x00000000f1e80000,0x00000000f2e00000)
 ParOldGen       total 89088K, used 65250K [0x00000000c0000000, 0x00000000c5700000, 0x00000000eab00000)
  object space 89088K, 73% used [0x00000000c0000000,0x00000000c3fb8938,0x00000000c5700000)
 Metaspace       used 66188K, capacity 74526K, committed 75776K, reserved 1114112K
  class space    used 9092K, capacity 11440K, committed 11776K, reserved 1048576K
Event: 7724.460 GC heap after
Heap after GC invocations=115 (full 27):
 PSYoungGen      total 134144K, used 0K [0x00000000eab00000, 0x00000000f3d80000, 0x0000000100000000)
  eden space 118272K, 0% used [0x00000000eab00000,0x00000000eab00000,0x00000000f1e80000)
  from space 15872K, 0% used [0x00000000f2e00000,0x00000000f2e00000,0x00000000f3d80000)
  to   space 15872K, 0% used [0x00000000f1e80000,0x00000000f1e80000,0x00000000f2e00000)
 ParOldGen       total 89088K, used 63776K [0x00000000c0000000, 0x00000000c5700000, 0x00000000eab00000)
  object space 89088K, 71% used [0x00000000c0000000,0x00000000c3e48320,0x00000000c5700000)
 Metaspace       used 66085K, capacity 74358K, committed 75776K, reserved 1114112K
  class space    used 9077K, capacity 11412K, committed 11776K, reserved 1048576K
}
Event: 7848.973 GC heap before
{Heap before GC invocations=116 (full 27):
 PSYoungGen      total 134144K, used 118272K [0x00000000eab00000, 0x00000000f3d80000, 0x0000000100000000)
  eden space 118272K, 100% used [0x00000000eab00000,0x00000000f1e80000,0x00000000f1e80000)
  from space 15872K, 0% used [0x00000000f2e00000,0x00000000f2e00000,0x00000000f3d80000)
  to   space 15872K, 0% used [0x00000000f1e80000,0x00000000f1e80000,0x00000000f2e00000)
 ParOldGen       total 89088K, used 63776K [0x00000000c0000000, 0x00000000c5700000, 0x00000000eab00000)
  object space 89088K, 71% used [0x00000000c0000000,0x00000000c3e48320,0x00000000c5700000)
 Metaspace       used 66144K, capacity 74478K, committed 75904K, reserved 1114112K
  class space    used 9085K, capacity 11447K, committed 11904K, reserved 1048576K

